<?xml version="1.0" encoding="UTF-8"?>
<!-- Generated by org.testng.reporters.JUnitReportReporter -->
<testsuite hostname="Pravins-MacBook-Pro.local" failures="1" tests="1" name="runner.ReRunTestRunner" time="8.829" errors="0" timestamp="2024-11-04T21:24:12 IST" skipped="0">
  <testcase classname="runner.ReRunTestRunner" name="runScenario" time="8.829">
    <failure message="expected [Remove] but found [Remov]" type="java.lang.AssertionError">
      <![CDATA[java.lang.AssertionError: expected [Remove] but found [Remov]
at org.testng.Assert.fail(Assert.java:111)
at org.testng.Assert.failNotEquals(Assert.java:1578)
at org.testng.Assert.assertEqualsImpl(Assert.java:150)
at org.testng.Assert.assertEquals(Assert.java:132)
at org.testng.Assert.assertEquals(Assert.java:656)
at org.testng.Assert.assertEquals(Assert.java:666)
at stepDefination.InventorySteps.i_verify_remove_tag_for_added_product(InventorySteps.java:30)
at ✽.I verify remove tag for added product(file:///Users/pravintambare/Documents/workspace-spring-tool-suite-4-4.13.1.RELEASE/Framework26/src/test/java/features/Inventory.feature:12)
]]>
    </failure>
  </testcase> <!-- runScenario -->
</testsuite> <!-- runner.ReRunTestRunner -->
